<?xml version="1.0" encoding="UTF-8"?>
<testng-results ignored="0" total="1" passed="1" failed="0" skipped="0">
  <reporter-output>
  </reporter-output>
  <suite started-at="2022-09-07T16:49:41 IST" name="Default suite" finished-at="2022-09-07T16:49:55 IST" duration-ms="13448">
    <groups>
    </groups>
    <test started-at="2022-09-07T16:49:41 IST" name="Default test" finished-at="2022-09-07T16:49:55 IST" duration-ms="13448">
      <class name="endToEnd.CRUDOperationInBothGUIAndAPI">
        <test-method signature="tryCRUDOperationInBothGUIAndAPI()[pri:0, instance:endToEnd.CRUDOperationInBothGUIAndAPI@201a4587]" started-at="2022-09-07T16:49:42 IST" name="tryCRUDOperationInBothGUIAndAPI" finished-at="2022-09-07T16:49:55 IST" duration-ms="13397" status="PASS">
          <reporter-output>
          </reporter-output>
        </test-method> <!-- tryCRUDOperationInBothGUIAndAPI -->
      </class> <!-- endToEnd.CRUDOperationInBothGUIAndAPI -->
    </test> <!-- Default test -->
  </suite> <!-- Default suite -->
</testng-results>
